{"contracts/Graffiti.sol":{"l":{"42":58,"43":52,"52":249,"61":2,"70":146,"71":146,"72":142,"81":54,"90":10,"99":42,"100":42,"101":42,"102":36,"103":36,"112":0,"113":0,"122":218,"123":218,"124":218,"135":0,"145":10,"146":10,"147":10,"149":10,"150":10,"151":10,"152":10,"160":10,"161":10,"162":10,"171":228,"172":228,"173":228,"174":228,"175":228,"184":10,"186":10,"187":10,"188":10,"190":10,"191":10,"192":10,"197":10,"198":10,"199":10,"214":108,"215":0,"217":108,"218":108,"219":108,"227":0,"229":0,"236":10,"237":10,"244":218,"245":218,"246":218,"267":110,"274":2,"275":2,"283":0,"284":0,"285":0,"295":0,"299":0,"303":221,"304":221,"323":113,"325":110,"329":108,"331":108,"335":218,"336":218,"337":218,"338":218,"339":108,"341":218,"342":218,"346":0,"350":0,"351":0,"355":5,"359":0,"365":2,"372":0,"374":0,"375":0},"path":"/Users/amenache/Documents/git/truffle/posterity/contracts/Graffiti.sol","s":{"1":58,"2":249,"3":2,"4":146,"5":146,"6":142,"7":54,"8":10,"9":42,"10":42,"11":42,"12":36,"13":36,"14":0,"15":0,"16":218,"17":218,"18":218,"19":0,"20":10,"21":10,"22":10,"23":10,"24":10,"25":10,"26":10,"27":10,"28":10,"29":10,"30":228,"31":228,"32":228,"33":228,"34":10,"35":10,"36":10,"37":10,"38":10,"39":10,"40":10,"41":10,"42":10,"43":108,"44":0,"45":108,"46":108,"47":108,"48":0,"49":0,"50":10,"51":10,"52":218,"53":218,"54":218,"55":110,"56":2,"57":0,"58":0,"59":0,"60":0,"61":0,"62":221,"63":113,"64":110,"65":108,"66":108,"67":218,"68":218,"69":218,"70":218,"71":108,"72":218,"73":218,"74":0,"75":0,"76":0,"77":5,"78":0,"79":2,"80":0,"81":0},"b":{"1":[52,6],"2":[142,4],"3":[42,0],"4":[36,6],"5":[0,0],"6":[218,0],"7":[10,0],"8":[10,0],"9":[10,0],"10":[10,0],"11":[228,0],"12":[10,0],"13":[0,108],"14":[108,0],"15":[10,0],"16":[218,0],"17":[2,0],"18":[0,0],"19":[221,0],"20":[110,3],"21":[108,0],"22":[108,110],"23":[0,0]},"f":{"1":58,"2":249,"3":2,"4":146,"5":54,"6":10,"7":42,"8":0,"9":218,"10":0,"11":10,"12":10,"13":228,"14":10,"15":108,"16":0,"17":10,"18":218,"19":110,"20":2,"21":0,"22":0,"23":0,"24":221,"25":110,"26":113,"27":108,"28":218,"29":0,"30":0,"31":5,"32":0,"33":2,"34":0},"fnMap":{"1":{"name":"onlyOwnerOf","line":41,"loc":{"start":{"line":41,"column":4},"end":{"line":41,"column":40}}},"2":{"name":"balanceOf","line":51,"loc":{"start":{"line":51,"column":4},"end":{"line":51,"column":66}}},"3":{"name":"tokensOf","line":60,"loc":{"start":{"line":60,"column":4},"end":{"line":60,"column":67}}},"4":{"name":"ownerOf","line":69,"loc":{"start":{"line":69,"column":4},"end":{"line":69,"column":66}}},"5":{"name":"approvedFor","line":80,"loc":{"start":{"line":80,"column":4},"end":{"line":80,"column":70}}},"6":{"name":"transfer","line":89,"loc":{"start":{"line":89,"column":4},"end":{"line":89,"column":79}}},"7":{"name":"approve","line":98,"loc":{"start":{"line":98,"column":4},"end":{"line":98,"column":78}}},"8":{"name":"takeOwnership","line":111,"loc":{"start":{"line":111,"column":4},"end":{"line":111,"column":49}}},"9":{"name":"_mint","line":121,"loc":{"start":{"line":121,"column":4},"end":{"line":121,"column":56}}},"10":{"name":"isApprovedFor","line":134,"loc":{"start":{"line":134,"column":4},"end":{"line":134,"column":87}}},"11":{"name":"clearApprovalAndTransfer","line":144,"loc":{"start":{"line":144,"column":4},"end":{"line":144,"column":90}}},"12":{"name":"clearApproval","line":159,"loc":{"start":{"line":159,"column":4},"end":{"line":159,"column":66}}},"13":{"name":"addToken","line":170,"loc":{"start":{"line":170,"column":4},"end":{"line":170,"column":58}}},"14":{"name":"removeToken","line":183,"loc":{"start":{"line":183,"column":4},"end":{"line":183,"column":63}}},"15":{"name":"mul","line":213,"loc":{"start":{"line":213,"column":4},"end":{"line":213,"column":68}}},"16":{"name":"div","line":225,"loc":{"start":{"line":225,"column":4},"end":{"line":225,"column":68}}},"17":{"name":"sub","line":235,"loc":{"start":{"line":235,"column":4},"end":{"line":235,"column":68}}},"18":{"name":"add","line":243,"loc":{"start":{"line":243,"column":4},"end":{"line":243,"column":68}}},"19":{"name":"Ownable","line":266,"loc":{"start":{"line":266,"column":4},"end":{"line":266,"column":27}}},"20":{"name":"onlyOwner","line":273,"loc":{"start":{"line":273,"column":4},"end":{"line":273,"column":22}}},"21":{"name":"transferOwnership","line":282,"loc":{"start":{"line":282,"column":4},"end":{"line":282,"column":63}}},"22":{"name":"name","line":294,"loc":{"start":{"line":294,"column":4},"end":{"line":294,"column":46}}},"23":{"name":"symbol","line":298,"loc":{"start":{"line":298,"column":4},"end":{"line":298,"column":48}}},"24":{"name":"onlyTwoMil","line":302,"loc":{"start":{"line":302,"column":4},"end":{"line":302,"column":23}}},"25":{"name":"FuckYouToken","line":316,"loc":{"start":{"line":316,"column":4},"end":{"line":316,"column":32}}},"26":{"name":"cheapFuckYou","line":322,"loc":{"start":{"line":322,"column":4},"end":{"line":322,"column":108}}},"27":{"name":"giantFuckYou","line":328,"loc":{"start":{"line":328,"column":4},"end":{"line":328,"column":135}}},"28":{"name":"_fuckYou","line":334,"loc":{"start":{"line":334,"column":4},"end":{"line":334,"column":117}}},"29":{"name":"tokenMetadata","line":345,"loc":{"start":{"line":345,"column":4},"end":{"line":345,"column":93}}},"30":{"name":"getGraffiti","line":349,"loc":{"start":{"line":349,"column":4},"end":{"line":349,"column":107}}},"31":{"name":"totalSupply","line":354,"loc":{"start":{"line":354,"column":4},"end":{"line":354,"column":54}}},"32":{"name":"tokenHash","line":358,"loc":{"start":{"line":358,"column":4},"end":{"line":358,"column":68}}},"33":{"name":"getFeesAvailableForWithdraw","line":364,"loc":{"start":{"line":364,"column":4},"end":{"line":364,"column":82}}},"34":{"name":"withdrawFees","line":368,"loc":{"start":{"line":368,"column":4},"end":{"line":368,"column":72}}}},"statementMap":{"1":{"start":{"line":42,"column":8},"end":{"line":42,"column":47}},"2":{"start":{"line":52,"column":8},"end":{"line":52,"column":41}},"3":{"start":{"line":61,"column":8},"end":{"line":61,"column":34}},"4":{"start":{"line":70,"column":8},"end":{"line":70,"column":43}},"5":{"start":{"line":71,"column":8},"end":{"line":71,"column":35}},"6":{"start":{"line":72,"column":8},"end":{"line":72,"column":20}},"7":{"start":{"line":81,"column":8},"end":{"line":81,"column":39}},"8":{"start":{"line":90,"column":8},"end":{"line":90,"column":58}},"9":{"start":{"line":99,"column":8},"end":{"line":99,"column":40}},"10":{"start":{"line":100,"column":8},"end":{"line":100,"column":28}},"11":{"start":{"line":101,"column":8},"end":{"line":101,"column":3713}},"12":{"start":{"line":102,"column":12},"end":{"line":102,"column":41}},"13":{"start":{"line":103,"column":12},"end":{"line":103,"column":41}},"14":{"start":{"line":112,"column":8},"end":{"line":112,"column":51}},"15":{"start":{"line":113,"column":8},"end":{"line":113,"column":72}},"16":{"start":{"line":122,"column":8},"end":{"line":122,"column":33}},"17":{"start":{"line":123,"column":8},"end":{"line":123,"column":30}},"18":{"start":{"line":124,"column":8},"end":{"line":124,"column":35}},"19":{"start":{"line":135,"column":8},"end":{"line":135,"column":46}},"20":{"start":{"line":145,"column":8},"end":{"line":145,"column":33}},"21":{"start":{"line":146,"column":8},"end":{"line":146,"column":40}},"22":{"start":{"line":147,"column":8},"end":{"line":147,"column":42}},"23":{"start":{"line":149,"column":8},"end":{"line":149,"column":37}},"24":{"start":{"line":150,"column":8},"end":{"line":150,"column":35}},"25":{"start":{"line":151,"column":8},"end":{"line":151,"column":30}},"26":{"start":{"line":152,"column":8},"end":{"line":152,"column":37}},"27":{"start":{"line":160,"column":8},"end":{"line":160,"column":43}},"28":{"start":{"line":161,"column":8},"end":{"line":161,"column":35}},"29":{"start":{"line":162,"column":8},"end":{"line":162,"column":36}},"30":{"start":{"line":171,"column":8},"end":{"line":171,"column":50}},"31":{"start":{"line":172,"column":8},"end":{"line":172,"column":33}},"32":{"start":{"line":173,"column":8},"end":{"line":173,"column":38}},"33":{"start":{"line":175,"column":8},"end":{"line":175,"column":42}},"34":{"start":{"line":184,"column":8},"end":{"line":184,"column":42}},"35":{"start":{"line":186,"column":8},"end":{"line":186,"column":54}},"36":{"start":{"line":187,"column":8},"end":{"line":187,"column":55}},"37":{"start":{"line":188,"column":8},"end":{"line":188,"column":61}},"38":{"start":{"line":190,"column":8},"end":{"line":190,"column":31}},"39":{"start":{"line":191,"column":8},"end":{"line":191,"column":49}},"40":{"start":{"line":192,"column":8},"end":{"line":192,"column":45}},"41":{"start":{"line":198,"column":8},"end":{"line":198,"column":37}},"42":{"start":{"line":199,"column":8},"end":{"line":199,"column":47}},"43":{"start":{"line":214,"column":8},"end":{"line":214,"column":8205}},"44":{"start":{"line":215,"column":12},"end":{"line":215,"column":20}},"45":{"start":{"line":217,"column":8},"end":{"line":217,"column":24}},"46":{"start":{"line":218,"column":8},"end":{"line":218,"column":25}},"47":{"start":{"line":219,"column":8},"end":{"line":219,"column":16}},"48":{"start":{"line":227,"column":8},"end":{"line":227,"column":24}},"49":{"start":{"line":229,"column":8},"end":{"line":229,"column":16}},"50":{"start":{"line":236,"column":8},"end":{"line":236,"column":21}},"51":{"start":{"line":237,"column":8},"end":{"line":237,"column":20}},"52":{"start":{"line":244,"column":8},"end":{"line":244,"column":24}},"53":{"start":{"line":245,"column":8},"end":{"line":245,"column":21}},"54":{"start":{"line":246,"column":8},"end":{"line":246,"column":16}},"55":{"start":{"line":267,"column":8},"end":{"line":267,"column":25}},"56":{"start":{"line":274,"column":8},"end":{"line":274,"column":35}},"57":{"start":{"line":283,"column":8},"end":{"line":283,"column":38}},"58":{"start":{"line":284,"column":8},"end":{"line":284,"column":44}},"59":{"start":{"line":285,"column":8},"end":{"line":285,"column":23}},"60":{"start":{"line":295,"column":8},"end":{"line":295,"column":31}},"61":{"start":{"line":299,"column":8},"end":{"line":299,"column":20}},"62":{"start":{"line":303,"column":8},"end":{"line":303,"column":46}},"63":{"start":{"line":323,"column":8},"end":{"line":323,"column":73}},"64":{"start":{"line":325,"column":8},"end":{"line":325,"column":61}},"65":{"start":{"line":329,"column":8},"end":{"line":329,"column":80}},"66":{"start":{"line":331,"column":8},"end":{"line":331,"column":77}},"67":{"start":{"line":335,"column":8},"end":{"line":335,"column":115}},"68":{"start":{"line":336,"column":8},"end":{"line":336,"column":50}},"69":{"start":{"line":337,"column":8},"end":{"line":337,"column":55}},"70":{"start":{"line":338,"column":8},"end":{"line":338,"column":11764}},"71":{"start":{"line":339,"column":12},"end":{"line":339,"column":101}},"72":{"start":{"line":341,"column":8},"end":{"line":341,"column":31}},"73":{"start":{"line":342,"column":8},"end":{"line":342,"column":73}},"74":{"start":{"line":346,"column":8},"end":{"line":346,"column":56}},"75":{"start":{"line":350,"column":8},"end":{"line":350,"column":57}},"76":{"start":{"line":351,"column":8},"end":{"line":351,"column":61}},"77":{"start":{"line":355,"column":8},"end":{"line":355,"column":35}},"78":{"start":{"line":359,"column":8},"end":{"line":359,"column":38}},"79":{"start":{"line":365,"column":8},"end":{"line":365,"column":39}},"80":{"start":{"line":372,"column":8},"end":{"line":372,"column":51}},"81":{"start":{"line":374,"column":8},"end":{"line":374,"column":71}}},"branchMap":{"1":{"line":42,"type":"if","locations":[{"start":{"line":42,"column":8},"end":{"line":42,"column":8}},{"start":{"line":42,"column":8},"end":{"line":42,"column":8}}]},"2":{"line":71,"type":"if","locations":[{"start":{"line":71,"column":8},"end":{"line":71,"column":8}},{"start":{"line":71,"column":8},"end":{"line":71,"column":8}}]},"3":{"line":100,"type":"if","locations":[{"start":{"line":100,"column":8},"end":{"line":100,"column":8}},{"start":{"line":100,"column":8},"end":{"line":100,"column":8}}]},"4":{"line":101,"type":"if","locations":[{"start":{"line":101,"column":8},"end":{"line":101,"column":8}},{"start":{"line":101,"column":8},"end":{"line":101,"column":8}}]},"5":{"line":112,"type":"if","locations":[{"start":{"line":112,"column":8},"end":{"line":112,"column":8}},{"start":{"line":112,"column":8},"end":{"line":112,"column":8}}]},"6":{"line":122,"type":"if","locations":[{"start":{"line":122,"column":8},"end":{"line":122,"column":8}},{"start":{"line":122,"column":8},"end":{"line":122,"column":8}}]},"7":{"line":145,"type":"if","locations":[{"start":{"line":145,"column":8},"end":{"line":145,"column":8}},{"start":{"line":145,"column":8},"end":{"line":145,"column":8}}]},"8":{"line":146,"type":"if","locations":[{"start":{"line":146,"column":8},"end":{"line":146,"column":8}},{"start":{"line":146,"column":8},"end":{"line":146,"column":8}}]},"9":{"line":147,"type":"if","locations":[{"start":{"line":147,"column":8},"end":{"line":147,"column":8}},{"start":{"line":147,"column":8},"end":{"line":147,"column":8}}]},"10":{"line":160,"type":"if","locations":[{"start":{"line":160,"column":8},"end":{"line":160,"column":8}},{"start":{"line":160,"column":8},"end":{"line":160,"column":8}}]},"11":{"line":171,"type":"if","locations":[{"start":{"line":171,"column":8},"end":{"line":171,"column":8}},{"start":{"line":171,"column":8},"end":{"line":171,"column":8}}]},"12":{"line":184,"type":"if","locations":[{"start":{"line":184,"column":8},"end":{"line":184,"column":8}},{"start":{"line":184,"column":8},"end":{"line":184,"column":8}}]},"13":{"line":214,"type":"if","locations":[{"start":{"line":214,"column":8},"end":{"line":214,"column":8}},{"start":{"line":214,"column":8},"end":{"line":214,"column":8}}]},"14":{"line":218,"type":"if","locations":[{"start":{"line":218,"column":8},"end":{"line":218,"column":8}},{"start":{"line":218,"column":8},"end":{"line":218,"column":8}}]},"15":{"line":236,"type":"if","locations":[{"start":{"line":236,"column":8},"end":{"line":236,"column":8}},{"start":{"line":236,"column":8},"end":{"line":236,"column":8}}]},"16":{"line":245,"type":"if","locations":[{"start":{"line":245,"column":8},"end":{"line":245,"column":8}},{"start":{"line":245,"column":8},"end":{"line":245,"column":8}}]},"17":{"line":274,"type":"if","locations":[{"start":{"line":274,"column":8},"end":{"line":274,"column":8}},{"start":{"line":274,"column":8},"end":{"line":274,"column":8}}]},"18":{"line":283,"type":"if","locations":[{"start":{"line":283,"column":8},"end":{"line":283,"column":8}},{"start":{"line":283,"column":8},"end":{"line":283,"column":8}}]},"19":{"line":303,"type":"if","locations":[{"start":{"line":303,"column":8},"end":{"line":303,"column":8}},{"start":{"line":303,"column":8},"end":{"line":303,"column":8}}]},"20":{"line":323,"type":"if","locations":[{"start":{"line":323,"column":8},"end":{"line":323,"column":8}},{"start":{"line":323,"column":8},"end":{"line":323,"column":8}}]},"21":{"line":329,"type":"if","locations":[{"start":{"line":329,"column":8},"end":{"line":329,"column":8}},{"start":{"line":329,"column":8},"end":{"line":329,"column":8}}]},"22":{"line":338,"type":"if","locations":[{"start":{"line":338,"column":8},"end":{"line":338,"column":8}},{"start":{"line":338,"column":8},"end":{"line":338,"column":8}}]},"23":{"line":372,"type":"if","locations":[{"start":{"line":372,"column":8},"end":{"line":372,"column":8}},{"start":{"line":372,"column":8},"end":{"line":372,"column":8}}]}}}}